This is pdfTeX, Version 3.14159265-2.6-1.40.15 (TeX Live 2015/dev/Debian) (preloaded format=pdflatex 2016.1.5)  17 AUG 2016 13:27
entering extended mode
 restricted \write18 enabled.
 %&-line parsing enabled.
**13_temporal.tex
(./13_temporal.tex
LaTeX2e <2014/05/01>
Babel <3.9l> and hyphenation patterns for 29 languages loaded.
(/usr/share/texlive/texmf-dist/tex/latex/base/report.cls
Document Class: report 2014/09/29 v1.4h Standard LaTeX document class
(/usr/share/texlive/texmf-dist/tex/latex/base/size12.clo
File: size12.clo 2014/09/29 v1.4h Standard LaTeX file (size option)
)
\c@part=\count79
\c@chapter=\count80
\c@section=\count81
\c@subsection=\count82
\c@subsubsection=\count83
\c@paragraph=\count84
\c@subparagraph=\count85
\c@figure=\count86
\c@table=\count87
\abovecaptionskip=\skip41
\belowcaptionskip=\skip42
\bibindent=\dimen102
)
(/usr/share/texlive/texmf-dist/tex/latex/base/inputenc.sty
Package: inputenc 2014/04/30 v1.2b Input encoding file
\inpenc@prehook=\toks14
\inpenc@posthook=\toks15

(/usr/share/texlive/texmf-dist/tex/latex/ucs/utf8x.def
File: utf8x.def 2004/10/17 UCS: Input encoding UTF-8
))
(/usr/share/texlive/texmf-dist/tex/latex/ucs/ucs.sty
Package: ucs 2013/05/11 v2.2 UCS: Unicode input support

(/usr/share/texlive/texmf-dist/tex/latex/ucs/data/uni-global.def
File: uni-global.def 2013/05/13 UCS: Unicode global data
)
\uc@secondtry=\count88
\uc@combtoks=\toks16
\uc@combtoksb=\toks17
\uc@temptokena=\toks18
)
(/usr/share/texlive/texmf-dist/tex/latex/amsmath/amsmath.sty
Package: amsmath 2013/01/14 v2.14 AMS math features
\@mathmargin=\skip43

For additional information on amsmath, use the `?' option.
(/usr/share/texlive/texmf-dist/tex/latex/amsmath/amstext.sty
Package: amstext 2000/06/29 v2.01

(/usr/share/texlive/texmf-dist/tex/latex/amsmath/amsgen.sty
File: amsgen.sty 1999/11/30 v2.0
\@emptytoks=\toks19
\ex@=\dimen103
))
(/usr/share/texlive/texmf-dist/tex/latex/amsmath/amsbsy.sty
Package: amsbsy 1999/11/29 v1.2d
\pmbraise@=\dimen104
)
(/usr/share/texlive/texmf-dist/tex/latex/amsmath/amsopn.sty
Package: amsopn 1999/12/14 v2.01 operator names
)
\inf@bad=\count89
LaTeX Info: Redefining \frac on input line 210.
\uproot@=\count90
\leftroot@=\count91
LaTeX Info: Redefining \overline on input line 306.
\classnum@=\count92
\DOTSCASE@=\count93
LaTeX Info: Redefining \ldots on input line 378.
LaTeX Info: Redefining \dots on input line 381.
LaTeX Info: Redefining \cdots on input line 466.
\Mathstrutbox@=\box26
\strutbox@=\box27
\big@size=\dimen105
LaTeX Font Info:    Redeclaring font encoding OML on input line 566.
LaTeX Font Info:    Redeclaring font encoding OMS on input line 567.
\macc@depth=\count94
\c@MaxMatrixCols=\count95
\dotsspace@=\muskip10
\c@parentequation=\count96
\dspbrk@lvl=\count97
\tag@help=\toks20
\row@=\count98
\column@=\count99
\maxfields@=\count100
\andhelp@=\toks21
\eqnshift@=\dimen106
\alignsep@=\dimen107
\tagshift@=\dimen108
\tagwidth@=\dimen109
\totwidth@=\dimen110
\lineht@=\dimen111
\@envbody=\toks22
\multlinegap=\skip44
\multlinetaggap=\skip45
\mathdisplay@stack=\toks23
LaTeX Info: Redefining \[ on input line 2665.
LaTeX Info: Redefining \] on input line 2666.
)
(/usr/share/texlive/texmf-dist/tex/latex/amsfonts/amsfonts.sty
Package: amsfonts 2013/01/14 v3.01 Basic AMSFonts support
\symAMSa=\mathgroup4
\symAMSb=\mathgroup5
LaTeX Font Info:    Overwriting math alphabet `\mathfrak' in version `bold'
(Font)                  U/euf/m/n --> U/euf/b/n on input line 106.
)
(/usr/share/texlive/texmf-dist/tex/latex/jknapltx/mathrsfs.sty
Package: mathrsfs 1996/01/01 Math RSFS package v1.0 (jk)
\symrsfs=\mathgroup6
)
(/usr/share/texlive/texmf-dist/tex/latex/natbib/natbib.sty
Package: natbib 2010/09/13 8.31b (PWD, AO)
\bibhang=\skip46
\bibsep=\skip47
LaTeX Info: Redefining \cite on input line 694.
\c@NAT@ctr=\count101
)
(/usr/share/texlive/texmf-dist/tex/latex/graphics/graphicx.sty
Package: graphicx 2014/04/25 v1.0g Enhanced LaTeX Graphics (DPC,SPQR)

(/usr/share/texlive/texmf-dist/tex/latex/graphics/keyval.sty
Package: keyval 2014/05/08 v1.15 key=value parser (DPC)
\KV@toks@=\toks24
)
(/usr/share/texlive/texmf-dist/tex/latex/graphics/graphics.sty
Package: graphics 2009/02/05 v1.0o Standard LaTeX Graphics (DPC,SPQR)

(/usr/share/texlive/texmf-dist/tex/latex/graphics/trig.sty
Package: trig 1999/03/16 v1.09 sin cos tan (DPC)
)
(/usr/share/texlive/texmf-dist/tex/latex/latexconfig/graphics.cfg
File: graphics.cfg 2010/04/23 v1.9 graphics configuration of TeX Live
)
Package graphics Info: Driver file: pdftex.def on input line 91.

(/usr/share/texlive/texmf-dist/tex/latex/pdftex-def/pdftex.def
File: pdftex.def 2011/05/27 v0.06d Graphics/color for pdfTeX

(/usr/share/texlive/texmf-dist/tex/generic/oberdiek/infwarerr.sty
Package: infwarerr 2010/04/08 v1.3 Providing info/warning/error messages (HO)
)
(/usr/share/texlive/texmf-dist/tex/generic/oberdiek/ltxcmds.sty
Package: ltxcmds 2011/11/09 v1.22 LaTeX kernel commands for general use (HO)
)
\Gread@gobject=\count102
))
\Gin@req@height=\dimen112
\Gin@req@width=\dimen113
)
(/usr/share/texlive/texmf-dist/tex/latex/float/float.sty
Package: float 2001/11/08 v1.3d Float enhancements (AL)
\c@float@type=\count103
\float@exts=\toks25
\float@box=\box28
\@float@everytoks=\toks26
\@floatcapt=\box29
)
(/usr/share/texlive/texmf-dist/tex/latex/caption/caption.sty
Package: caption 2013/05/02 v3.3-89 Customizing captions (AR)

(/usr/share/texlive/texmf-dist/tex/latex/caption/caption3.sty
Package: caption3 2013/05/02 v1.6-88 caption3 kernel (AR)
Package caption3 Info: TeX engine: e-TeX on input line 57.
\captionmargin=\dimen114
\captionmargin@=\dimen115
\captionwidth=\dimen116
\caption@tempdima=\dimen117
\caption@indent=\dimen118
\caption@parindent=\dimen119
\caption@hangindent=\dimen120
)
\c@ContinuedFloat=\count104
Package caption Info: float package is loaded.
)
(/usr/share/texlive/texmf-dist/tex/latex/wrapfig/wrapfig.sty
\wrapoverhang=\dimen121
\WF@size=\dimen122
\c@WF@wrappedlines=\count105
\WF@box=\box30
\WF@everypar=\toks27
Package: wrapfig 2003/01/31  v 3.6
)
(/usr/share/texlive/texmf-dist/tex/latex/psnfss/pifont.sty
Package: pifont 2005/04/12 PSNFSS-v9.2a Pi font support (SPQR) 
LaTeX Font Info:    Try loading font information for U+pzd on input line 63.

(/usr/share/texlive/texmf-dist/tex/latex/psnfss/upzd.fd
File: upzd.fd 2001/06/04 font definitions for U/pzd.
)
LaTeX Font Info:    Try loading font information for U+psy on input line 64.

(/usr/share/texlive/texmf-dist/tex/latex/psnfss/upsy.fd
File: upsy.fd 2001/06/04 font definitions for U/psy.
))
(/usr/share/texlive/texmf-dist/tex/latex/a4wide/a4wide.sty
Package: a4wide 1994/08/30

(/usr/share/texlive/texmf-dist/tex/latex/ntgclass/a4.sty
Package: a4 2004/04/15 v1.2g A4 based page layout
))
(/usr/share/texlive/texmf-dist/tex/latex/tabu/tabu.sty
Package: tabu 2011/02/26 v2.8 - flexible LaTeX tabulars (FC)

(/usr/share/texlive/texmf-dist/tex/latex/tools/array.sty
Package: array 2014/10/28 v2.4c Tabular extension package (FMi)
\col@sep=\dimen123
\extrarowheight=\dimen124
\NC@list=\toks28
\extratabsurround=\skip48
\backup@length=\skip49
)
(/usr/share/texlive/texmf-dist/tex/latex/varwidth/varwidth.sty
Package: varwidth 2009/03/30 ver 0.92;  Variable-width minipages
\@vwid@box=\box31
\sift@deathcycles=\count106
\@vwid@loff=\dimen125
\@vwid@roff=\dimen126
)
\c@taburow=\count107
\tabu@nbcols=\count108
\tabu@cnt=\count109
\tabu@Xcol=\count110
\tabu@alloc=\count111
\tabu@nested=\count112
\tabu@target=\dimen127
\tabu@spreadtarget=\dimen128
\tabu@naturalX=\dimen129
\tabucolX=\dimen130
\tabu@Xsum=\dimen131
\extrarowdepth=\dimen132
\abovetabulinesep=\dimen133
\belowtabulinesep=\dimen134
\tabustrutrule=\dimen135
\tabu@thebody=\toks29
\tabu@footnotes=\toks30
\tabu@box=\box32
\tabu@arstrutbox=\box33
\tabu@hleads=\box34
\tabu@vleads=\box35
\tabu@cellskip=\skip50
)
(./13_temporal.aux

LaTeX Warning: Label `table:2' multiply defined.


LaTeX Warning: Label `fig:comsol1' multiply defined.


LaTeX Warning: Label `fig:comiter1' multiply defined.


LaTeX Warning: Label `fig:comsol2' multiply defined.


LaTeX Warning: Label `fig:comiter2' multiply defined.


LaTeX Warning: Label `fig:comsold1' multiply defined.


LaTeX Warning: Label `fig:comiterd1' multiply defined.


LaTeX Warning: Label `fig:comsold2' multiply defined.


LaTeX Warning: Label `fig:comiterd2' multiply defined.

)
\openout1 = `13_temporal.aux'.

LaTeX Font Info:    Checking defaults for OML/cmm/m/it on input line 31.
LaTeX Font Info:    ... okay on input line 31.
LaTeX Font Info:    Checking defaults for T1/cmr/m/n on input line 31.
LaTeX Font Info:    ... okay on input line 31.
LaTeX Font Info:    Checking defaults for OT1/cmr/m/n on input line 31.
LaTeX Font Info:    ... okay on input line 31.
LaTeX Font Info:    Checking defaults for OMS/cmsy/m/n on input line 31.
LaTeX Font Info:    ... okay on input line 31.
LaTeX Font Info:    Checking defaults for OMX/cmex/m/n on input line 31.
LaTeX Font Info:    ... okay on input line 31.
LaTeX Font Info:    Checking defaults for U/cmr/m/n on input line 31.
LaTeX Font Info:    ... okay on input line 31.
 (/usr/share/texlive/texmf-dist/tex/latex/ucs/ucsencs.def
File: ucsencs.def 2011/01/21 Fixes to fontencodings LGR, T3
)
(/usr/share/texlive/texmf-dist/tex/context/base/supp-pdf.mkii
[Loading MPS to PDF converter (version 2006.09.02).]
\scratchcounter=\count113
\scratchdimen=\dimen136
\scratchbox=\box36
\nofMPsegments=\count114
\nofMParguments=\count115
\everyMPshowfont=\toks31
\MPscratchCnt=\count116
\MPscratchDim=\dimen137
\MPnumerator=\count117
\makeMPintoPDFobject=\count118
\everyMPtoPDFconversion=\toks32
) (/usr/share/texlive/texmf-dist/tex/generic/oberdiek/pdftexcmds.sty
Package: pdftexcmds 2011/11/29 v0.20 Utility functions of pdfTeX for LuaTeX (HO
)

(/usr/share/texlive/texmf-dist/tex/generic/oberdiek/ifluatex.sty
Package: ifluatex 2010/03/01 v1.3 Provides the ifluatex switch (HO)
Package ifluatex Info: LuaTeX not detected.
)
(/usr/share/texlive/texmf-dist/tex/generic/oberdiek/ifpdf.sty
Package: ifpdf 2011/01/30 v2.3 Provides the ifpdf switch (HO)
Package ifpdf Info: pdfTeX in PDF mode is detected.
)
Package pdftexcmds Info: LuaTeX not detected.
Package pdftexcmds Info: \pdf@primitive is available.
Package pdftexcmds Info: \pdf@ifprimitive is available.
Package pdftexcmds Info: \pdfdraftmode found.
)
(/usr/share/texlive/texmf-dist/tex/latex/oberdiek/epstopdf-base.sty
Package: epstopdf-base 2010/02/09 v2.5 Base part for package epstopdf

(/usr/share/texlive/texmf-dist/tex/latex/oberdiek/grfext.sty
Package: grfext 2010/08/19 v1.1 Manage graphics extensions (HO)

(/usr/share/texlive/texmf-dist/tex/generic/oberdiek/kvdefinekeys.sty
Package: kvdefinekeys 2011/04/07 v1.3 Define keys (HO)
))
(/usr/share/texlive/texmf-dist/tex/latex/oberdiek/kvoptions.sty
Package: kvoptions 2011/06/30 v3.11 Key value format for package options (HO)

(/usr/share/texlive/texmf-dist/tex/generic/oberdiek/kvsetkeys.sty
Package: kvsetkeys 2012/04/25 v1.16 Key value parser (HO)

(/usr/share/texlive/texmf-dist/tex/generic/oberdiek/etexcmds.sty
Package: etexcmds 2011/02/16 v1.5 Avoid name clashes with e-TeX commands (HO)
Package etexcmds Info: Could not find \expanded.
(etexcmds)             That can mean that you are not using pdfTeX 1.50 or
(etexcmds)             that some package has redefined \expanded.
(etexcmds)             In the latter case, load this package earlier.
)))
Package grfext Info: Graphics extension search list:
(grfext)             [.png,.pdf,.jpg,.mps,.jpeg,.jbig2,.jb2,.PNG,.PDF,.JPG,.JPE
G,.JBIG2,.JB2,.eps]
(grfext)             \AppendGraphicsExtensions on input line 452.

(/usr/share/texlive/texmf-dist/tex/latex/latexconfig/epstopdf-sys.cfg
File: epstopdf-sys.cfg 2010/07/13 v1.3 Configuration of (r)epstopdf for TeX Liv
e
))
Package caption Info: Begin \AtBeginDocument code.
Package caption Info: wrapfig package is loaded.
Package caption Info: End \AtBeginDocument code.
LaTeX Font Info:    Try loading font information for U+msa on input line 66.

(/usr/share/texlive/texmf-dist/tex/latex/amsfonts/umsa.fd
File: umsa.fd 2013/01/14 v3.01 AMS symbols A
)
LaTeX Font Info:    Try loading font information for U+msb on input line 66.

(/usr/share/texlive/texmf-dist/tex/latex/amsfonts/umsb.fd
File: umsb.fd 2013/01/14 v3.01 AMS symbols B
)
LaTeX Font Info:    Try loading font information for U+rsfs on input line 66.

(/usr/share/texlive/texmf-dist/tex/latex/jknapltx/ursfs.fd
File: ursfs.fd 1998/03/24 rsfs font definition file (jk)
) [1

{/var/lib/texmf/fonts/map/pdftex/updmap/pdftex.map}]
Underfull \hbox (badness 10000) in paragraph at lines 128--131

 []


Underfull \hbox (badness 10000) in paragraph at lines 140--143

 []


</home/wagm/cortes/Desktop/work/writing/pics/cartGrid3d.jpg, id=17, 562.1pt x 4
21.575pt>
File: /home/wagm/cortes/Desktop/work/writing/pics/cartGrid3d.jpg Graphic file (
type jpg)
 <use /home/wagm/cortes/Desktop/work/writing/pics/cartGrid3d.jpg>
Package pdftex.def Info: /home/wagm/cortes/Desktop/work/writing/pics/cartGrid3d
.jpg used on input line 157.
(pdftex.def)             Requested size: 170.7155pt x 128.03662pt.

</home/wagm/cortes/Desktop/work/writing/pics/rectGrid2d.jpg, id=18, 562.1pt x 4
21.575pt>
File: /home/wagm/cortes/Desktop/work/writing/pics/rectGrid2d.jpg Graphic file (
type jpg)
 <use /home/wagm/cortes/Desktop/work/writing/pics/rectGrid2d.jpg>
Package pdftex.def Info: /home/wagm/cortes/Desktop/work/writing/pics/rectGrid2d
.jpg used on input line 163.
(pdftex.def)             Requested size: 170.7155pt x 128.03662pt.

Overfull \hbox (46.07492pt too wide) in paragraph at lines 155--167
 []$[]$$[]$ 
 []


LaTeX Warning: `!h' float specifier changed to `!ht'.

LaTeX Font Info:    Try loading font information for OMS+cmr on input line 172.

(/usr/share/texlive/texmf-dist/tex/latex/base/omscmr.fd
File: omscmr.fd 2014/09/29 v2.5h Standard LaTeX font definitions
)
LaTeX Font Info:    Font shape `OMS/cmr/m/n' in size <12> not available
(Font)              Font shape `OMS/cmsy/m/n' tried instead on input line 172.

(/usr/share/texlive/texmf-dist/tex/latex/ucs/data/uni-34.def
File: uni-34.def 2013/05/13 UCS: Unicode data U+2200..U+22FF
)
Overfull \hbox (5.12671pt too wide) in paragraph at lines 173--179
\OT1/cmr/m/n/12 :) The num-ber of faces of each cell may be com-puted us-ing th
e state- ment diff(facePos)
 []

[2] [3 </home/wagm/cortes/Desktop/work/writing/pics/cartGrid3d.jpg> </home/wagm
/cortes/Desktop/work/writing/pics/rectGrid2d.jpg>] [4] [5] [6] [7]
Underfull \hbox (badness 10000) in paragraph at lines 371--377

 []

[8]

LaTeX Warning: `!h' float specifier changed to `!ht'.

[9]
</home/wagm/cortes/Localdisk/Results/16_06/21/perm_0snap_5_defvect3rNR_0_0i/per
meability_field.jpg, id=46, 1204.5pt x 903.375pt>
File: /home/wagm/cortes/Localdisk/Results/16_06/21/perm_0snap_5_defvect3rNR_0_0
i/permeability_field.jpg Graphic file (type jpg)

<use /home/wagm/cortes/Localdisk/Results/16_06/21/perm_0snap_5_defvect3rNR_0_0i
/permeability_field.jpg>
Package pdftex.def Info: /home/wagm/cortes/Localdisk/Results/16_06/21/perm_0sna
p_5_defvect3rNR_0_0i/permeability_field.jpg used on input line 446.
(pdftex.def)             Requested size: 170.70569pt x 128.02927pt.

Overfull \hbox (28.44191pt too wide) in paragraph at lines 446--447
 [][] 
 []

[10 </home/wagm/cortes/Localdisk/Results/16_06/21/perm_0snap_5_defvect3rNR_0_0i
/permeability_field.jpg>]
</home/wagm/cortes/Localdisk/Results/16_06/21/perm_0snap_5_defvect3rNR_0_0i/sol
ution.jpg, id=50, 1204.5pt x 903.375pt>
File: /home/wagm/cortes/Localdisk/Results/16_06/21/perm_0snap_5_defvect3rNR_0_0
i/solution.jpg Graphic file (type jpg)

<use /home/wagm/cortes/Localdisk/Results/16_06/21/perm_0snap_5_defvect3rNR_0_0i
/solution.jpg>
Package pdftex.def Info: /home/wagm/cortes/Localdisk/Results/16_06/21/perm_0sna
p_5_defvect3rNR_0_0i/solution.jpg used on input line 480.
(pdftex.def)             Requested size: 256.07692pt x 192.0577pt.

Overfull \hbox (25.71631pt too wide) in paragraph at lines 480--481
[][] 
 []


</home/wagm/cortes/Localdisk/Results/16_06/21/perm_0snap_5_defvect3rNR_0_0i/ite
rations_4NR.jpg, id=51, 1204.5pt x 903.375pt>
File: /home/wagm/cortes/Localdisk/Results/16_06/21/perm_0snap_5_defvect3rNR_0_0
i/iterations_4NR.jpg Graphic file (type jpg)

<use /home/wagm/cortes/Localdisk/Results/16_06/21/perm_0snap_5_defvect3rNR_0_0i
/iterations_4NR.jpg>
Package pdftex.def Info: /home/wagm/cortes/Localdisk/Results/16_06/21/perm_0sna
p_5_defvect3rNR_0_0i/iterations_4NR.jpg used on input line 489.
(pdftex.def)             Requested size: 256.07692pt x 192.0577pt.

Overfull \hbox (48.75377pt too wide) in paragraph at lines 489--490
 [][] 
 []


</home/wagm/cortes/Localdisk/Results/16_06/21/perm_0snap_5_defvect3rNR_1_0i/sol
ution.jpg, id=52, 1204.5pt x 903.375pt>
File: /home/wagm/cortes/Localdisk/Results/16_06/21/perm_0snap_5_defvect3rNR_1_0
i/solution.jpg Graphic file (type jpg)

<use /home/wagm/cortes/Localdisk/Results/16_06/21/perm_0snap_5_defvect3rNR_1_0i
/solution.jpg>
Package pdftex.def Info: /home/wagm/cortes/Localdisk/Results/16_06/21/perm_0sna
p_5_defvect3rNR_1_0i/solution.jpg used on input line 498.
(pdftex.def)             Requested size: 256.07692pt x 192.0577pt.

Overfull \hbox (25.71631pt too wide) in paragraph at lines 498--499
[][] 
 []


</home/wagm/cortes/Localdisk/Results/16_06/21/perm_0snap_5_defvect3rNR_1_0i/ite
rations_4NR.jpg, id=53, 1204.5pt x 903.375pt>
File: /home/wagm/cortes/Localdisk/Results/16_06/21/perm_0snap_5_defvect3rNR_1_0
i/iterations_4NR.jpg Graphic file (type jpg)

<use /home/wagm/cortes/Localdisk/Results/16_06/21/perm_0snap_5_defvect3rNR_1_0i
/iterations_4NR.jpg>
Package pdftex.def Info: /home/wagm/cortes/Localdisk/Results/16_06/21/perm_0sna
p_5_defvect3rNR_1_0i/iterations_4NR.jpg used on input line 507.
(pdftex.def)             Requested size: 256.07692pt x 192.0577pt.

Overfull \hbox (48.75377pt too wide) in paragraph at lines 507--508
 [][] 
 []

[11 </home/wagm/cortes/Localdisk/Results/16_06/21/perm_0snap_5_defvect3rNR_0_0i
/solution.jpg> </home/wagm/cortes/Localdisk/Results/16_06/21/perm_0snap_5_defve
ct3rNR_0_0i/iterations_4NR.jpg> </home/wagm/cortes/Localdisk/Results/16_06/21/p
erm_0snap_5_defvect3rNR_1_0i/solution.jpg> </home/wagm/cortes/Localdisk/Results
/16_06/21/perm_0snap_5_defvect3rNR_1_0i/iterations_4NR.jpg>]
</home/wagm/cortes/Localdisk/Results/16_06/21/perm_0snap_5_defvect3rNR_0_0/solu
tion.jpg, id=58, 1204.5pt x 903.375pt>
File: /home/wagm/cortes/Localdisk/Results/16_06/21/perm_0snap_5_defvect3rNR_0_0
/solution.jpg Graphic file (type jpg)

<use /home/wagm/cortes/Localdisk/Results/16_06/21/perm_0snap_5_defvect3rNR_0_0/
solution.jpg>
Package pdftex.def Info: /home/wagm/cortes/Localdisk/Results/16_06/21/perm_0sna
p_5_defvect3rNR_0_0/solution.jpg used on input line 571.
(pdftex.def)             Requested size: 256.07692pt x 192.0577pt.

Overfull \hbox (25.71631pt too wide) in paragraph at lines 571--572
[][] 
 []


</home/wagm/cortes/Localdisk/Results/16_06/21/perm_0snap_5_defvect3rNR_0_0/iter
ations_4NR.jpg, id=59, 1204.5pt x 903.375pt>
File: /home/wagm/cortes/Localdisk/Results/16_06/21/perm_0snap_5_defvect3rNR_0_0
/iterations_4NR.jpg Graphic file (type jpg)

<use /home/wagm/cortes/Localdisk/Results/16_06/21/perm_0snap_5_defvect3rNR_0_0/
iterations_4NR.jpg>
Package pdftex.def Info: /home/wagm/cortes/Localdisk/Results/16_06/21/perm_0sna
p_5_defvect3rNR_0_0/iterations_4NR.jpg used on input line 580.
(pdftex.def)             Requested size: 256.07692pt x 192.0577pt.

Overfull \hbox (48.75377pt too wide) in paragraph at lines 580--581
 [][] 
 []


</home/wagm/cortes/Localdisk/Results/16_06/21/perm_0snap_5_defvect3rNR_1_0/solu
tion.jpg, id=60, 1204.5pt x 903.375pt>
File: /home/wagm/cortes/Localdisk/Results/16_06/21/perm_0snap_5_defvect3rNR_1_0
/solution.jpg Graphic file (type jpg)

<use /home/wagm/cortes/Localdisk/Results/16_06/21/perm_0snap_5_defvect3rNR_1_0/
solution.jpg>
Package pdftex.def Info: /home/wagm/cortes/Localdisk/Results/16_06/21/perm_0sna
p_5_defvect3rNR_1_0/solution.jpg used on input line 589.
(pdftex.def)             Requested size: 256.07692pt x 192.0577pt.

Overfull \hbox (25.71631pt too wide) in paragraph at lines 589--590
[][] 
 []


</home/wagm/cortes/Localdisk/Results/16_06/21/perm_0snap_5_defvect3rNR_1_0/iter
ations_4NR.jpg, id=61, 1204.5pt x 903.375pt>
File: /home/wagm/cortes/Localdisk/Results/16_06/21/perm_0snap_5_defvect3rNR_1_0
/iterations_4NR.jpg Graphic file (type jpg)

<use /home/wagm/cortes/Localdisk/Results/16_06/21/perm_0snap_5_defvect3rNR_1_0/
iterations_4NR.jpg>
Package pdftex.def Info: /home/wagm/cortes/Localdisk/Results/16_06/21/perm_0sna
p_5_defvect3rNR_1_0/iterations_4NR.jpg used on input line 598.
(pdftex.def)             Requested size: 256.07692pt x 192.0577pt.

Overfull \hbox (48.75377pt too wide) in paragraph at lines 598--599
 [][] 
 []

[12]
Overfull \hbox (12.80232pt too wide) in paragraph at lines 605--659
[][] 
 []

[13 </home/wagm/cortes/Localdisk/Results/16_06/21/perm_0snap_5_defvect3rNR_0_0/
solution.jpg> </home/wagm/cortes/Localdisk/Results/16_06/21/perm_0snap_5_defvec
t3rNR_0_0/iterations_4NR.jpg> </home/wagm/cortes/Localdisk/Results/16_06/21/per
m_0snap_5_defvect3rNR_1_0/solution.jpg> </home/wagm/cortes/Localdisk/Results/16
_06/21/perm_0snap_5_defvect3rNR_1_0/iterations_4NR.jpg>]
</home/wagm/cortes/Localdisk/Results/16_06/21/perm_0snap_5_defvect3rNR_0_1/solu
tion.jpg, id=69, 1204.5pt x 903.375pt>
File: /home/wagm/cortes/Localdisk/Results/16_06/21/perm_0snap_5_defvect3rNR_0_1
/solution.jpg Graphic file (type jpg)

<use /home/wagm/cortes/Localdisk/Results/16_06/21/perm_0snap_5_defvect3rNR_0_1/
solution.jpg>
Package pdftex.def Info: /home/wagm/cortes/Localdisk/Results/16_06/21/perm_0sna
p_5_defvect3rNR_0_1/solution.jpg used on input line 688.
(pdftex.def)             Requested size: 256.07692pt x 192.0577pt.

Overfull \hbox (25.71631pt too wide) in paragraph at lines 688--689
[][] 
 []


</home/wagm/cortes/Localdisk/Results/16_06/21/perm_0snap_5_defvect3rNR_0_1/iter
ations_4NR.jpg, id=70, 1204.5pt x 903.375pt>
File: /home/wagm/cortes/Localdisk/Results/16_06/21/perm_0snap_5_defvect3rNR_0_1
/iterations_4NR.jpg Graphic file (type jpg)

<use /home/wagm/cortes/Localdisk/Results/16_06/21/perm_0snap_5_defvect3rNR_0_1/
iterations_4NR.jpg>
Package pdftex.def Info: /home/wagm/cortes/Localdisk/Results/16_06/21/perm_0sna
p_5_defvect3rNR_0_1/iterations_4NR.jpg used on input line 697.
(pdftex.def)             Requested size: 256.07692pt x 192.0577pt.

Overfull \hbox (48.75377pt too wide) in paragraph at lines 697--698
 [][] 
 []


</home/wagm/cortes/Localdisk/Results/16_06/21/perm_0snap_5_defvect3rNR_1_1/solu
tion.jpg, id=71, 1204.5pt x 903.375pt>
File: /home/wagm/cortes/Localdisk/Results/16_06/21/perm_0snap_5_defvect3rNR_1_1
/solution.jpg Graphic file (type jpg)

<use /home/wagm/cortes/Localdisk/Results/16_06/21/perm_0snap_5_defvect3rNR_1_1/
solution.jpg>
Package pdftex.def Info: /home/wagm/cortes/Localdisk/Results/16_06/21/perm_0sna
p_5_defvect3rNR_1_1/solution.jpg used on input line 706.
(pdftex.def)             Requested size: 256.07692pt x 192.0577pt.

Overfull \hbox (25.71631pt too wide) in paragraph at lines 706--707
[][] 
 []


</home/wagm/cortes/Localdisk/Results/16_06/21/perm_0snap_5_defvect3rNR_1_1/iter
ations_4NR.jpg, id=72, 1204.5pt x 903.375pt>
File: /home/wagm/cortes/Localdisk/Results/16_06/21/perm_0snap_5_defvect3rNR_1_1
/iterations_4NR.jpg Graphic file (type jpg)

<use /home/wagm/cortes/Localdisk/Results/16_06/21/perm_0snap_5_defvect3rNR_1_1/
iterations_4NR.jpg>
Package pdftex.def Info: /home/wagm/cortes/Localdisk/Results/16_06/21/perm_0sna
p_5_defvect3rNR_1_1/iterations_4NR.jpg used on input line 715.
(pdftex.def)             Requested size: 256.07692pt x 192.0577pt.

Overfull \hbox (48.75377pt too wide) in paragraph at lines 715--716
 [][] 
 []

[14]
Overfull \hbox (1.05244pt too wide) in paragraph at lines 724--782
[][] 
 []

[15 </home/wagm/cortes/Localdisk/Results/16_06/21/perm_0snap_5_defvect3rNR_0_1/
solution.jpg> </home/wagm/cortes/Localdisk/Results/16_06/21/perm_0snap_5_defvec
t3rNR_0_1/iterations_4NR.jpg> </home/wagm/cortes/Localdisk/Results/16_06/21/per
m_0snap_5_defvect3rNR_1_1/solution.jpg> </home/wagm/cortes/Localdisk/Results/16
_06/21/perm_0snap_5_defvect3rNR_1_1/iterations_4NR.jpg>] [16]
(/usr/share/texlive/texmf-dist/tex/latex/ucs/data/uni-0.def
File: uni-0.def 2013/05/13 UCS: Unicode data U+0000..U+00FF
)
</home/wagm/cortes/Localdisk/Results/16_06/21/perm_0snap_5_defvect3rNR_0_0i1/so
lution.jpg, id=82, 1204.5pt x 903.375pt>
File: /home/wagm/cortes/Localdisk/Results/16_06/21/perm_0snap_5_defvect3rNR_0_0
i1/solution.jpg Graphic file (type jpg)

<use /home/wagm/cortes/Localdisk/Results/16_06/21/perm_0snap_5_defvect3rNR_0_0i
1/solution.jpg>
Package pdftex.def Info: /home/wagm/cortes/Localdisk/Results/16_06/21/perm_0sna
p_5_defvect3rNR_0_0i1/solution.jpg used on input line 815.
(pdftex.def)             Requested size: 256.07692pt x 192.0577pt.

Overfull \hbox (25.71631pt too wide) in paragraph at lines 815--816
[][] 
 []


</home/wagm/cortes/Localdisk/Results/16_06/21/perm_0snap_5_defvect3rNR_0_0i1/it
erations_4NR.jpg, id=83, 1204.5pt x 903.375pt>
File: /home/wagm/cortes/Localdisk/Results/16_06/21/perm_0snap_5_defvect3rNR_0_0
i1/iterations_4NR.jpg Graphic file (type jpg)

<use /home/wagm/cortes/Localdisk/Results/16_06/21/perm_0snap_5_defvect3rNR_0_0i
1/iterations_4NR.jpg>
Package pdftex.def Info: /home/wagm/cortes/Localdisk/Results/16_06/21/perm_0sna
p_5_defvect3rNR_0_0i1/iterations_4NR.jpg used on input line 824.
(pdftex.def)             Requested size: 256.07692pt x 192.0577pt.

Overfull \hbox (48.75377pt too wide) in paragraph at lines 824--825
 [][] 
 []


</home/wagm/cortes/Localdisk/Results/16_06/21/perm_0snap_5_defvect3rNR_1_0i1/so
lution.jpg, id=84, 1204.5pt x 903.375pt>
File: /home/wagm/cortes/Localdisk/Results/16_06/21/perm_0snap_5_defvect3rNR_1_0
i1/solution.jpg Graphic file (type jpg)

<use /home/wagm/cortes/Localdisk/Results/16_06/21/perm_0snap_5_defvect3rNR_1_0i
1/solution.jpg>
Package pdftex.def Info: /home/wagm/cortes/Localdisk/Results/16_06/21/perm_0sna
p_5_defvect3rNR_1_0i1/solution.jpg used on input line 833.
(pdftex.def)             Requested size: 256.07692pt x 192.0577pt.

Overfull \hbox (25.71631pt too wide) in paragraph at lines 833--834
[][] 
 []


</home/wagm/cortes/Localdisk/Results/16_06/21/perm_0snap_5_defvect3rNR_1_0i1/it
erations_4NR.jpg, id=85, 1204.5pt x 903.375pt>
File: /home/wagm/cortes/Localdisk/Results/16_06/21/perm_0snap_5_defvect3rNR_1_0
i1/iterations_4NR.jpg Graphic file (type jpg)

<use /home/wagm/cortes/Localdisk/Results/16_06/21/perm_0snap_5_defvect3rNR_1_0i
1/iterations_4NR.jpg>
Package pdftex.def Info: /home/wagm/cortes/Localdisk/Results/16_06/21/perm_0sna
p_5_defvect3rNR_1_0i1/iterations_4NR.jpg used on input line 842.
(pdftex.def)             Requested size: 256.07692pt x 192.0577pt.

Overfull \hbox (48.75377pt too wide) in paragraph at lines 842--843
 [][] 
 []

[17]
</home/wagm/cortes/Localdisk/Results/16_06/21/perm_0snap_5_defvect3rNR_0_01/sol
ution.jpg, id=89, 1204.5pt x 903.375pt>
File: /home/wagm/cortes/Localdisk/Results/16_06/21/perm_0snap_5_defvect3rNR_0_0
1/solution.jpg Graphic file (type jpg)

<use /home/wagm/cortes/Localdisk/Results/16_06/21/perm_0snap_5_defvect3rNR_0_01
/solution.jpg>
Package pdftex.def Info: /home/wagm/cortes/Localdisk/Results/16_06/21/perm_0sna
p_5_defvect3rNR_0_01/solution.jpg used on input line 903.
(pdftex.def)             Requested size: 256.07692pt x 192.0577pt.

Overfull \hbox (25.71631pt too wide) in paragraph at lines 903--904
[][] 
 []


</home/wagm/cortes/Localdisk/Results/16_06/21/perm_0snap_5_defvect3rNR_0_01/ite
rations_4NR.jpg, id=90, 1204.5pt x 903.375pt>
File: /home/wagm/cortes/Localdisk/Results/16_06/21/perm_0snap_5_defvect3rNR_0_0
1/iterations_4NR.jpg Graphic file (type jpg)

<use /home/wagm/cortes/Localdisk/Results/16_06/21/perm_0snap_5_defvect3rNR_0_01
/iterations_4NR.jpg>
Package pdftex.def Info: /home/wagm/cortes/Localdisk/Results/16_06/21/perm_0sna
p_5_defvect3rNR_0_01/iterations_4NR.jpg used on input line 912.
(pdftex.def)             Requested size: 256.07692pt x 192.0577pt.

Overfull \hbox (48.75377pt too wide) in paragraph at lines 912--913
 [][] 
 []


</home/wagm/cortes/Localdisk/Results/16_06/21/perm_0snap_5_defvect3rNR_1_01/sol
ution.jpg, id=91, 1204.5pt x 903.375pt>
File: /home/wagm/cortes/Localdisk/Results/16_06/21/perm_0snap_5_defvect3rNR_1_0
1/solution.jpg Graphic file (type jpg)

<use /home/wagm/cortes/Localdisk/Results/16_06/21/perm_0snap_5_defvect3rNR_1_01
/solution.jpg>
Package pdftex.def Info: /home/wagm/cortes/Localdisk/Results/16_06/21/perm_0sna
p_5_defvect3rNR_1_01/solution.jpg used on input line 921.
(pdftex.def)             Requested size: 256.07692pt x 192.0577pt.

Overfull \hbox (25.71631pt too wide) in paragraph at lines 921--922
[][] 
 []


</home/wagm/cortes/Localdisk/Results/16_06/21/perm_0snap_5_defvect3rNR_1_01/ite
rations_4NR.jpg, id=92, 1204.5pt x 903.375pt>
File: /home/wagm/cortes/Localdisk/Results/16_06/21/perm_0snap_5_defvect3rNR_1_0
1/iterations_4NR.jpg Graphic file (type jpg)

<use /home/wagm/cortes/Localdisk/Results/16_06/21/perm_0snap_5_defvect3rNR_1_01
/iterations_4NR.jpg>
Package pdftex.def Info: /home/wagm/cortes/Localdisk/Results/16_06/21/perm_0sna
p_5_defvect3rNR_1_01/iterations_4NR.jpg used on input line 930.
(pdftex.def)             Requested size: 256.07692pt x 192.0577pt.

Overfull \hbox (48.75377pt too wide) in paragraph at lines 930--931
 [][] 
 []

[18 </home/wagm/cortes/Localdisk/Results/16_06/21/perm_0snap_5_defvect3rNR_0_0i
1/solution.jpg> </home/wagm/cortes/Localdisk/Results/16_06/21/perm_0snap_5_defv
ect3rNR_0_0i1/iterations_4NR.jpg> </home/wagm/cortes/Localdisk/Results/16_06/21
/perm_0snap_5_defvect3rNR_1_0i1/solution.jpg> </home/wagm/cortes/Localdisk/Resu
lts/16_06/21/perm_0snap_5_defvect3rNR_1_0i1/iterations_4NR.jpg>]
Underfull \hbox (badness 10000) in paragraph at lines 1013--1021

 []


</home/wagm/cortes/Localdisk/Results/16_06/21/perm_0snap_5_defvect3rNR_0_11/sol
ution.jpg, id=96, 1204.5pt x 903.375pt>
File: /home/wagm/cortes/Localdisk/Results/16_06/21/perm_0snap_5_defvect3rNR_0_1
1/solution.jpg Graphic file (type jpg)

<use /home/wagm/cortes/Localdisk/Results/16_06/21/perm_0snap_5_defvect3rNR_0_11
/solution.jpg>
Package pdftex.def Info: /home/wagm/cortes/Localdisk/Results/16_06/21/perm_0sna
p_5_defvect3rNR_0_11/solution.jpg used on input line 1026.
(pdftex.def)             Requested size: 256.07692pt x 192.0577pt.

Overfull \hbox (25.71631pt too wide) in paragraph at lines 1026--1027
[][] 
 []


</home/wagm/cortes/Localdisk/Results/16_06/21/perm_0snap_5_defvect3rNR_0_11/ite
rations_4NR.jpg, id=97, 1204.5pt x 903.375pt>
File: /home/wagm/cortes/Localdisk/Results/16_06/21/perm_0snap_5_defvect3rNR_0_1
1/iterations_4NR.jpg Graphic file (type jpg)

<use /home/wagm/cortes/Localdisk/Results/16_06/21/perm_0snap_5_defvect3rNR_0_11
/iterations_4NR.jpg>
Package pdftex.def Info: /home/wagm/cortes/Localdisk/Results/16_06/21/perm_0sna
p_5_defvect3rNR_0_11/iterations_4NR.jpg used on input line 1035.
(pdftex.def)             Requested size: 256.07692pt x 192.0577pt.

Overfull \hbox (48.75377pt too wide) in paragraph at lines 1035--1036
 [][] 
 []

[19 </home/wagm/cortes/Localdisk/Results/16_06/21/perm_0snap_5_defvect3rNR_0_01
/solution.jpg> </home/wagm/cortes/Localdisk/Results/16_06/21/perm_0snap_5_defve
ct3rNR_0_01/iterations_4NR.jpg> </home/wagm/cortes/Localdisk/Results/16_06/21/p
erm_0snap_5_defvect3rNR_1_01/solution.jpg> </home/wagm/cortes/Localdisk/Results
/16_06/21/perm_0snap_5_defvect3rNR_1_01/iterations_4NR.jpg>]
</home/wagm/cortes/Localdisk/Results/16_06/21/perm_0snap_5_defvect3rNR_1_11/sol
ution.jpg, id=102, 1204.5pt x 903.375pt>
File: /home/wagm/cortes/Localdisk/Results/16_06/21/perm_0snap_5_defvect3rNR_1_1
1/solution.jpg Graphic file (type jpg)

<use /home/wagm/cortes/Localdisk/Results/16_06/21/perm_0snap_5_defvect3rNR_1_11
/solution.jpg>
Package pdftex.def Info: /home/wagm/cortes/Localdisk/Results/16_06/21/perm_0sna
p_5_defvect3rNR_1_11/solution.jpg used on input line 1044.
(pdftex.def)             Requested size: 256.07692pt x 192.0577pt.

Overfull \hbox (25.71631pt too wide) in paragraph at lines 1044--1045
[][] 
 []


</home/wagm/cortes/Localdisk/Results/16_06/21/perm_0snap_5_defvect3rNR_1_11/ite
rations_4NR.jpg, id=103, 1204.5pt x 903.375pt>
File: /home/wagm/cortes/Localdisk/Results/16_06/21/perm_0snap_5_defvect3rNR_1_1
1/iterations_4NR.jpg Graphic file (type jpg)

<use /home/wagm/cortes/Localdisk/Results/16_06/21/perm_0snap_5_defvect3rNR_1_11
/iterations_4NR.jpg>
Package pdftex.def Info: /home/wagm/cortes/Localdisk/Results/16_06/21/perm_0sna
p_5_defvect3rNR_1_11/iterations_4NR.jpg used on input line 1053.
(pdftex.def)             Requested size: 256.07692pt x 192.0577pt.

Overfull \hbox (48.75377pt too wide) in paragraph at lines 1053--1054
 [][] 
 []

[20 </home/wagm/cortes/Localdisk/Results/16_06/21/perm_0snap_5_defvect3rNR_0_11
/solution.jpg> </home/wagm/cortes/Localdisk/Results/16_06/21/perm_0snap_5_defve
ct3rNR_0_11/iterations_4NR.jpg> </home/wagm/cortes/Localdisk/Results/16_06/21/p
erm_0snap_5_defvect3rNR_1_11/solution.jpg> </home/wagm/cortes/Localdisk/Results
/16_06/21/perm_0snap_5_defvect3rNR_1_11/iterations_4NR.jpg>] [21]
(./13_temporal.aux)

LaTeX Warning: There were multiply-defined labels.

 ) 
Here is how much of TeX's memory you used:
 6159 strings out of 494409
 95653 string characters out of 6164778
 153223 words of memory out of 5000000
 9290 multiletter control sequences out of 15000+600000
 11955 words of font info for 45 fonts, out of 8000000 for 9000
 372 hyphenation exceptions out of 8191
 38i,16n,38p,331b,532s stack positions out of 5000i,500n,10000p,200000b,80000s
</usr/share/texlive/texmf-dist/fonts/type1/public/amsfonts/cm/cmbx12.pfb></us
r/share/texlive/texmf-dist/fonts/type1/public/amsfonts/cm/cmbx8.pfb></usr/share
/texlive/texmf-dist/fonts/type1/public/amsfonts/cm/cmex10.pfb></usr/share/texli
ve/texmf-dist/fonts/type1/public/amsfonts/cm/cmmi12.pfb></usr/share/texlive/tex
mf-dist/fonts/type1/public/amsfonts/cm/cmmi6.pfb></usr/share/texlive/texmf-dist
/fonts/type1/public/amsfonts/cm/cmmi8.pfb></usr/share/texlive/texmf-dist/fonts/
type1/public/amsfonts/cm/cmr10.pfb></usr/share/texlive/texmf-dist/fonts/type1/p
ublic/amsfonts/cm/cmr12.pfb></usr/share/texlive/texmf-dist/fonts/type1/public/a
msfonts/cm/cmr6.pfb></usr/share/texlive/texmf-dist/fonts/type1/public/amsfonts/
cm/cmr8.pfb></usr/share/texlive/texmf-dist/fonts/type1/public/amsfonts/cm/cmsy1
0.pfb></usr/share/texlive/texmf-dist/fonts/type1/public/amsfonts/cm/cmsy6.pfb><
/usr/share/texlive/texmf-dist/fonts/type1/public/amsfonts/cm/cmsy8.pfb></usr/sh
are/texlive/texmf-dist/fonts/type1/public/amsfonts/cm/cmti12.pfb>
Output written on 13_temporal.pdf (21 pages, 3201655 bytes).
PDF statistics:
 155 PDF objects out of 1000 (max. 8388607)
 90 compressed objects within 1 object stream
 0 named destinations out of 1000 (max. 500000)
 136 words of extra memory for PDF output out of 10000 (max. 10000000)

