This is pdfTeX, Version 3.14159265-2.6-1.40.15 (TeX Live 2014) (preloaded format=pdflatex 2016.6.19)  26 AUG 2016 11:09
entering extended mode
 restricted \write18 enabled.
 %&-line parsing enabled.
**main.tex
(./main.tex
LaTeX2e <2011/06/27>
Babel <3.9k> and hyphenation patterns for 74 languages loaded.
(/usr/share/texlive/texmf-dist/tex/latex/base/article.cls
Document Class: article 2007/10/19 v1.4h Standard LaTeX document class
(/usr/share/texlive/texmf-dist/tex/latex/base/size12.clo
File: size12.clo 2007/10/19 v1.4h Standard LaTeX file (size option)
)
\c@part=\count79
\c@section=\count80
\c@subsection=\count81
\c@subsubsection=\count82
\c@paragraph=\count83
\c@subparagraph=\count84
\c@figure=\count85
\c@table=\count86
\abovecaptionskip=\skip41
\belowcaptionskip=\skip42
\bibindent=\dimen102
)
(/usr/share/texlive/texmf-dist/tex/latex/base/inputenc.sty
Package: inputenc 2008/03/30 v1.1d Input encoding file
\inpenc@prehook=\toks14
\inpenc@posthook=\toks15

(/usr/share/texlive/texmf-dist/tex/latex/ucs/utf8x.def
File: utf8x.def 2004/10/17 UCS: Input encoding UTF-8
))
(/usr/share/texlive/texmf-dist/tex/latex/ucs/ucs.sty
Package: ucs 2013/05/11 v2.2 UCS: Unicode input support

(/usr/share/texlive/texmf-dist/tex/latex/ucs/data/uni-global.def
File: uni-global.def 2013/05/13 UCS: Unicode global data
)
\uc@secondtry=\count87
\uc@combtoks=\toks16
\uc@combtoksb=\toks17
\uc@temptokena=\toks18
)
(/usr/share/texlive/texmf-dist/tex/latex/amsmath/amsmath.sty
Package: amsmath 2013/01/14 v2.14 AMS math features
\@mathmargin=\skip43

For additional information on amsmath, use the `?' option.
(/usr/share/texlive/texmf-dist/tex/latex/amsmath/amstext.sty
Package: amstext 2000/06/29 v2.01

(/usr/share/texlive/texmf-dist/tex/latex/amsmath/amsgen.sty
File: amsgen.sty 1999/11/30 v2.0
\@emptytoks=\toks19
\ex@=\dimen103
))
(/usr/share/texlive/texmf-dist/tex/latex/amsmath/amsbsy.sty
Package: amsbsy 1999/11/29 v1.2d
\pmbraise@=\dimen104
)
(/usr/share/texlive/texmf-dist/tex/latex/amsmath/amsopn.sty
Package: amsopn 1999/12/14 v2.01 operator names
)
\inf@bad=\count88
LaTeX Info: Redefining \frac on input line 210.
\uproot@=\count89
\leftroot@=\count90
LaTeX Info: Redefining \overline on input line 306.
\classnum@=\count91
\DOTSCASE@=\count92
LaTeX Info: Redefining \ldots on input line 378.
LaTeX Info: Redefining \dots on input line 381.
LaTeX Info: Redefining \cdots on input line 466.
\Mathstrutbox@=\box26
\strutbox@=\box27
\big@size=\dimen105
LaTeX Font Info:    Redeclaring font encoding OML on input line 566.
LaTeX Font Info:    Redeclaring font encoding OMS on input line 567.
\macc@depth=\count93
\c@MaxMatrixCols=\count94
\dotsspace@=\muskip10
\c@parentequation=\count95
\dspbrk@lvl=\count96
\tag@help=\toks20
\row@=\count97
\column@=\count98
\maxfields@=\count99
\andhelp@=\toks21
\eqnshift@=\dimen106
\alignsep@=\dimen107
\tagshift@=\dimen108
\tagwidth@=\dimen109
\totwidth@=\dimen110
\lineht@=\dimen111
\@envbody=\toks22
\multlinegap=\skip44
\multlinetaggap=\skip45
\mathdisplay@stack=\toks23
LaTeX Info: Redefining \[ on input line 2665.
LaTeX Info: Redefining \] on input line 2666.
)
(/usr/share/texlive/texmf-dist/tex/latex/amsfonts/amsfonts.sty
Package: amsfonts 2013/01/14 v3.01 Basic AMSFonts support
\symAMSa=\mathgroup4
\symAMSb=\mathgroup5
LaTeX Font Info:    Overwriting math alphabet `\mathfrak' in version `bold'
(Font)                  U/euf/m/n --> U/euf/b/n on input line 106.
)
(/usr/share/texlive/texmf-dist/tex/latex/jknapltx/mathrsfs.sty
Package: mathrsfs 1996/01/01 Math RSFS package v1.0 (jk)
\symrsfs=\mathgroup6
)
(/usr/share/texlive/texmf-dist/tex/latex/natbib/natbib.sty
Package: natbib 2010/09/13 8.31b (PWD, AO)
\bibhang=\skip46
\bibsep=\skip47
LaTeX Info: Redefining \cite on input line 694.
\c@NAT@ctr=\count100
)
(/usr/share/texlive/texmf-dist/tex/latex/graphics/graphicx.sty
Package: graphicx 1999/02/16 v1.0f Enhanced LaTeX Graphics (DPC,SPQR)

(/usr/share/texlive/texmf-dist/tex/latex/graphics/keyval.sty
Package: keyval 1999/03/16 v1.13 key=value parser (DPC)
\KV@toks@=\toks24
)
(/usr/share/texlive/texmf-dist/tex/latex/graphics/graphics.sty
Package: graphics 2009/02/05 v1.0o Standard LaTeX Graphics (DPC,SPQR)

(/usr/share/texlive/texmf-dist/tex/latex/graphics/trig.sty
Package: trig 1999/03/16 v1.09 sin cos tan (DPC)
)
(/usr/share/texlive/texmf-dist/tex/latex/latexconfig/graphics.cfg
File: graphics.cfg 2010/04/23 v1.9 graphics configuration of TeX Live
)
Package graphics Info: Driver file: pdftex.def on input line 91.

(/usr/share/texlive/texmf-dist/tex/latex/pdftex-def/pdftex.def
File: pdftex.def 2011/05/27 v0.06d Graphics/color for pdfTeX

(/usr/share/texlive/texmf-dist/tex/generic/oberdiek/infwarerr.sty
Package: infwarerr 2010/04/08 v1.3 Providing info/warning/error messages (HO)
)
(/usr/share/texlive/texmf-dist/tex/generic/oberdiek/ltxcmds.sty
Package: ltxcmds 2011/11/09 v1.22 LaTeX kernel commands for general use (HO)
)
\Gread@gobject=\count101
))
\Gin@req@height=\dimen112
\Gin@req@width=\dimen113
)
(/usr/share/texlive/texmf-dist/tex/latex/adjustbox/adjustbox.sty
Package: adjustbox 2012/05/21 v1.0 Adjusting TeX boxes (trim, clip, ...)

(/usr/share/texlive/texmf-dist/tex/latex/xkeyval/xkeyval.sty
Package: xkeyval 2012/10/14 v2.6b package option processing (HA)

(/usr/share/texlive/texmf-dist/tex/generic/xkeyval/xkeyval.tex
\XKV@toks=\toks25
\XKV@tempa@toks=\toks26
\XKV@depth=\count102
File: xkeyval.tex 2012/10/14 v2.6b key=value parser (HA)
))
(/usr/share/texlive/texmf-dist/tex/latex/adjustbox/adjcalc.sty
Package: adjcalc 2012/05/16 v1.1 Provides advanced setlength with multiple back
-ends (calc, etex, pgfmath)
)
(/usr/share/texlive/texmf-dist/tex/latex/adjustbox/trimclip.sty
Package: trimclip 2012/05/16 v1.0 Trim and clip general TeX material

(/usr/share/texlive/texmf-dist/tex/latex/collectbox/collectbox.sty
Package: collectbox 2012/05/17 v0.4b Collect macro arguments as boxes
\collectedbox=\box28
)
\tc@llx=\dimen114
\tc@lly=\dimen115
\tc@urx=\dimen116
\tc@ury=\dimen117
Package trimclip Info: Using driver 'tc-pdftex.def'.

(/usr/share/texlive/texmf-dist/tex/latex/adjustbox/tc-pdftex.def
File: tc-pdftex.def 2012/05/13 v1.0 Clipping driver for pdftex
))
\adjbox@Width=\dimen118
\adjbox@Height=\dimen119
\adjbox@Depth=\dimen120
\adjbox@Totalheight=\dimen121

(/usr/share/texlive/texmf-dist/tex/latex/ifoddpage/ifoddpage.sty
Package: ifoddpage 2011/09/13 v1.0 Conditionals for odd/even page detection
\c@checkoddpage=\count103
)
(/usr/share/texlive/texmf-dist/tex/latex/varwidth/varwidth.sty
Package: varwidth 2009/03/30 ver 0.92;  Variable-width minipages
\@vwid@box=\box29
\sift@deathcycles=\count104
\@vwid@loff=\dimen122
\@vwid@roff=\dimen123
))
(/usr/share/texlive/texmf-dist/tex/latex/float/float.sty
Package: float 2001/11/08 v1.3d Float enhancements (AL)
\c@float@type=\count105
\float@exts=\toks27
\float@box=\box30
\@float@everytoks=\toks28
\@floatcapt=\box31
)
(/usr/share/texlive/texmf-dist/tex/latex/caption/caption.sty
Package: caption 2013/05/02 v3.3-89 Customizing captions (AR)

(/usr/share/texlive/texmf-dist/tex/latex/caption/caption3.sty
Package: caption3 2013/05/02 v1.6-88 caption3 kernel (AR)
Package caption3 Info: TeX engine: e-TeX on input line 57.
\captionmargin=\dimen124
\captionmargin@=\dimen125
\captionwidth=\dimen126
\caption@tempdima=\dimen127
\caption@indent=\dimen128
\caption@parindent=\dimen129
\caption@hangindent=\dimen130
)
\c@ContinuedFloat=\count106
Package caption Info: float package is loaded.
)
(/usr/share/texlive/texmf-dist/tex/latex/wrapfig/wrapfig.sty
\wrapoverhang=\dimen131
\WF@size=\dimen132
\c@WF@wrappedlines=\count107
\WF@box=\box32
\WF@everypar=\toks29
Package: wrapfig 2003/01/31  v 3.6
)
(/usr/share/texlive/texmf-dist/tex/latex/preprint/authblk.sty
Package: authblk 2001/02/27 1.3 (PWD)
\affilsep=\skip48
\@affilsep=\skip49
\c@Maxaffil=\count108
\c@authors=\count109
\c@affil=\count110
)
(/usr/share/texlive/texmf-dist/tex/latex/subfigure/subfigure.sty
Package: subfigure 2002/03/15 v2.1.5 subfigure package
\subfigtopskip=\skip50
\subfigcapskip=\skip51
\subfigcaptopadj=\dimen133
\subfigbottomskip=\skip52
\subfigcapmargin=\dimen134
\subfiglabelskip=\skip53
\c@subfigure=\count111
\c@lofdepth=\count112
\c@subtable=\count113
\c@lotdepth=\count114

****************************************
* Local config file subfigure.cfg used *
****************************************
(/usr/share/texlive/texmf-dist/tex/latex/subfigure/subfigure.cfg)
\subfig@top=\skip54
\subfig@bottom=\skip55
)
(/usr/share/texlive/texmf-dist/tex/latex/psnfss/pifont.sty
Package: pifont 2005/04/12 PSNFSS-v9.2a Pi font support (SPQR) 
LaTeX Font Info:    Try loading font information for U+pzd on input line 63.

(/usr/share/texlive/texmf-dist/tex/latex/psnfss/upzd.fd
File: upzd.fd 2001/06/04 font definitions for U/pzd.
)
LaTeX Font Info:    Try loading font information for U+psy on input line 64.

(/usr/share/texlive/texmf-dist/tex/latex/psnfss/upsy.fd
File: upsy.fd 2001/06/04 font definitions for U/psy.
))
(/usr/share/texlive/texmf-dist/tex/latex/a4wide/a4wide.sty
Package: a4wide 1994/08/30

(/usr/share/texlive/texmf-dist/tex/latex/ntgclass/a4.sty
Package: a4 2004/04/15 v1.2g A4 based page layout
)) (./main.aux

LaTeX Warning: Label `eq:equiv21' multiply defined.


LaTeX Warning: Label `eq:equiv21' multiply defined.

)
\openout1 = `main.aux'.

LaTeX Font Info:    Checking defaults for OML/cmm/m/it on input line 27.
LaTeX Font Info:    ... okay on input line 27.
LaTeX Font Info:    Checking defaults for T1/cmr/m/n on input line 27.
LaTeX Font Info:    ... okay on input line 27.
LaTeX Font Info:    Checking defaults for OT1/cmr/m/n on input line 27.
LaTeX Font Info:    ... okay on input line 27.
LaTeX Font Info:    Checking defaults for OMS/cmsy/m/n on input line 27.
LaTeX Font Info:    ... okay on input line 27.
LaTeX Font Info:    Checking defaults for OMX/cmex/m/n on input line 27.
LaTeX Font Info:    ... okay on input line 27.
LaTeX Font Info:    Checking defaults for U/cmr/m/n on input line 27.
LaTeX Font Info:    ... okay on input line 27.
 (/usr/share/texlive/texmf-dist/tex/latex/ucs/ucsencs.def
File: ucsencs.def 2011/01/21 Fixes to fontencodings LGR, T3
)
(/usr/share/texlive/texmf-dist/tex/context/base/supp-pdf.mkii
[Loading MPS to PDF converter (version 2006.09.02).]
\scratchcounter=\count115
\scratchdimen=\dimen135
\scratchbox=\box33
\nofMPsegments=\count116
\nofMParguments=\count117
\everyMPshowfont=\toks30
\MPscratchCnt=\count118
\MPscratchDim=\dimen136
\MPnumerator=\count119
\makeMPintoPDFobject=\count120
\everyMPtoPDFconversion=\toks31
) (/usr/share/texlive/texmf-dist/tex/generic/oberdiek/pdftexcmds.sty
Package: pdftexcmds 2011/11/29 v0.20 Utility functions of pdfTeX for LuaTeX (HO
)

(/usr/share/texlive/texmf-dist/tex/generic/oberdiek/ifluatex.sty
Package: ifluatex 2010/03/01 v1.3 Provides the ifluatex switch (HO)
Package ifluatex Info: LuaTeX not detected.
)
(/usr/share/texlive/texmf-dist/tex/generic/oberdiek/ifpdf.sty
Package: ifpdf 2011/01/30 v2.3 Provides the ifpdf switch (HO)
Package ifpdf Info: pdfTeX in PDF mode is detected.
)
Package pdftexcmds Info: LuaTeX not detected.
Package pdftexcmds Info: \pdf@primitive is available.
Package pdftexcmds Info: \pdf@ifprimitive is available.
Package pdftexcmds Info: \pdfdraftmode found.
)
(/usr/share/texlive/texmf-dist/tex/latex/oberdiek/epstopdf-base.sty
Package: epstopdf-base 2010/02/09 v2.5 Base part for package epstopdf

(/usr/share/texlive/texmf-dist/tex/latex/oberdiek/grfext.sty
Package: grfext 2010/08/19 v1.1 Manage graphics extensions (HO)

(/usr/share/texlive/texmf-dist/tex/generic/oberdiek/kvdefinekeys.sty
Package: kvdefinekeys 2011/04/07 v1.3 Define keys (HO)
))
(/usr/share/texlive/texmf-dist/tex/latex/oberdiek/kvoptions.sty
Package: kvoptions 2011/06/30 v3.11 Key value format for package options (HO)

(/usr/share/texlive/texmf-dist/tex/generic/oberdiek/kvsetkeys.sty
Package: kvsetkeys 2012/04/25 v1.16 Key value parser (HO)

(/usr/share/texlive/texmf-dist/tex/generic/oberdiek/etexcmds.sty
Package: etexcmds 2011/02/16 v1.5 Avoid name clashes with e-TeX commands (HO)
Package etexcmds Info: Could not find \expanded.
(etexcmds)             That can mean that you are not using pdfTeX 1.50 or
(etexcmds)             that some package has redefined \expanded.
(etexcmds)             In the latter case, load this package earlier.
)))
Package grfext Info: Graphics extension search list:
(grfext)             [.png,.pdf,.jpg,.mps,.jpeg,.jbig2,.jb2,.PNG,.PDF,.JPG,.JPE
G,.JBIG2,.JB2,.eps]
(grfext)             \AppendGraphicsExtensions on input line 452.

(/usr/share/texlive/texmf-dist/tex/latex/latexconfig/epstopdf-sys.cfg
File: epstopdf-sys.cfg 2010/07/13 v1.3 Configuration of (r)epstopdf for TeX Liv
e
))
Package caption Info: Begin \AtBeginDocument code.
Package caption Info: subfigure package is loaded.
Package caption Info: wrapfig package is loaded.
Package caption Info: End \AtBeginDocument code.
LaTeX Font Info:    Try loading font information for U+msa on input line 46.

(/usr/share/texlive/texmf-dist/tex/latex/amsfonts/umsa.fd
File: umsa.fd 2013/01/14 v3.01 AMS symbols A
)
LaTeX Font Info:    Try loading font information for U+msb on input line 46.

(/usr/share/texlive/texmf-dist/tex/latex/amsfonts/umsb.fd
File: umsb.fd 2013/01/14 v3.01 AMS symbols B
)
LaTeX Font Info:    Try loading font information for U+rsfs on input line 46.

(/usr/share/texlive/texmf-dist/tex/latex/jknapltx/ursfs.fd
File: ursfs.fd 1998/03/24 rsfs font definition file (jk)
)
Underfull \hbox (badness 10000) in paragraph at lines 37--47

 []

[1

{/usr/share/texlive/texmf-dist/fonts/map/pdftex/updmap/pdftex.map}]

LaTeX Warning: Reference `eq:xfromxh' on page 2 undefined on input line 111.


LaTeX Warning: Reference `eq:xfromxh' on page 2 undefined on input line 128.


LaTeX Warning: Reference `eq:deflsys' on page 2 undefined on input line 128.


LaTeX Warning: Reference `defprop' on page 2 undefined on input line 135.


LaTeX Warning: Reference `defprop' on page 2 undefined on input line 135.

[2]
Underfull \hbox (badness 10000) in paragraph at lines 135--137

 []


LaTeX Warning: Reference `a2' on page 3 undefined on input line 144.

[3] [4] [5]
Underfull \hbox (badness 10000) in paragraph at lines 258--260

 []

[6] <perm_comp.jpg, id=33, 225.45097pt x 221.57506pt>
File: perm_comp.jpg Graphic file (type jpg)
 <use perm_comp.jpg>
Package pdftex.def Info: perm_comp.jpg used on input line 270.
(pdftex.def)             Requested size: 128.04396pt x 125.84265pt.

Underfull \hbox (badness 1024) in paragraph at lines 272--272
[]\OT1/cmr/m/n/10 Figure 1: |Het-ero-ge-neous per-
 []


Underfull \hbox (badness 10000) in paragraph at lines 285--286

 []


Underfull \hbox (badness 10000) in paragraph at lines 288--289

 []


Underfull \hbox (badness 10000) in paragraph at lines 300--302

 []


Overfull \hbox (29.37468pt too wide) in paragraph at lines 281--303
[]$[]$$[]$
 []

<solutionIC.jpg, id=34, 1204.5pt x 903.375pt>
File: solutionIC.jpg Graphic file (type jpg)
 <use solutionIC.jpg>
Package pdftex.def Info: solutionIC.jpg used on input line 312.
(pdftex.def)             Requested size: 284.52788pt x 213.3959pt.


LaTeX Warning: `!h' float specifier changed to `!ht'.


</dev/media/Sphinx/Doctorado_Delft/Results/16_08/22/size_35perm_1_5wells_c_1e-3
/eigs/eigs1stepA.jpg, id=35, 1204.5pt x 903.375pt>
File: /dev/media/Sphinx/Doctorado_Delft/Results/16_08/22/size_35perm_1_5wells_c
_1e-3/eigs/eigs1stepA.jpg Graphic file (type jpg)

<use /dev/media/Sphinx/Doctorado_Delft/Results/16_08/22/size_35perm_1_5wells_c_
1e-3/eigs/eigs1stepA.jpg>
Package pdftex.def Info: /dev/media/Sphinx/Doctorado_Delft/Results/16_08/22/siz
e_35perm_1_5wells_c_1e-3/eigs/eigs1stepA.jpg used on input line 323.
(pdftex.def)             Requested size: 184.93117pt x 138.69838pt.


LaTeX Warning: `!h' float specifier changed to `!ht'.

[7 <./perm_comp.jpg>]
</dev/media/Sphinx/Doctorado_Delft/Results/16_08/22/size_35perm_1_5wells_c_1e-3
/iterations_4NR.jpg, id=42, 1204.5pt x 903.375pt>
File: /dev/media/Sphinx/Doctorado_Delft/Results/16_08/22/size_35perm_1_5wells_c
_1e-3/iterations_4NR.jpg Graphic file (type jpg)

<use /dev/media/Sphinx/Doctorado_Delft/Results/16_08/22/size_35perm_1_5wells_c_
1e-3/iterations_4NR.jpg>
Package pdftex.def Info: /dev/media/Sphinx/Doctorado_Delft/Results/16_08/22/siz
e_35perm_1_5wells_c_1e-3/iterations_4NR.jpg used on input line 337.
(pdftex.def)             Requested size: 184.93117pt x 138.69838pt.

Overfull \hbox (0.6455pt too wide) in paragraph at lines 337--338
 [][] 
 []


</dev/media/Sphinx/Doctorado_Delft/Results/16_08/22/size_35perm_1_5wells_c_1e-3
/eigs/eigs1step.jpg, id=43, 1204.5pt x 903.375pt>
File: /dev/media/Sphinx/Doctorado_Delft/Results/16_08/22/size_35perm_1_5wells_c
_1e-3/eigs/eigs1step.jpg Graphic file (type jpg)

<use /dev/media/Sphinx/Doctorado_Delft/Results/16_08/22/size_35perm_1_5wells_c_
1e-3/eigs/eigs1step.jpg>
Package pdftex.def Info: /dev/media/Sphinx/Doctorado_Delft/Results/16_08/22/siz
e_35perm_1_5wells_c_1e-3/eigs/eigs1step.jpg used on input line 346.
(pdftex.def)             Requested size: 184.93117pt x 138.69838pt.

Overfull \hbox (0.6455pt too wide) in paragraph at lines 346--347
 [][] 
 []


LaTeX Warning: `!h' float specifier changed to `!ht'.


</dev/media/Sphinx/Doctorado_Delft/Results/16_08/22/size_35perm_1_5wells_c_1e-3
dv_10/iterations_4NR.jpg, id=44, 1204.5pt x 903.375pt>
File: /dev/media/Sphinx/Doctorado_Delft/Results/16_08/22/size_35perm_1_5wells_c
_1e-3dv_10/iterations_4NR.jpg Graphic file (type jpg)

<use /dev/media/Sphinx/Doctorado_Delft/Results/16_08/22/size_35perm_1_5wells_c_
1e-3dv_10/iterations_4NR.jpg>
Package pdftex.def Info: /dev/media/Sphinx/Doctorado_Delft/Results/16_08/22/siz
e_35perm_1_5wells_c_1e-3dv_10/iterations_4NR.jpg used on input line 357.
(pdftex.def)             Requested size: 184.93117pt x 138.69838pt.

Overfull \hbox (0.6455pt too wide) in paragraph at lines 357--358
 [][] 
 []


</dev/media/Sphinx/Doctorado_Delft/Results/16_08/22/size_35perm_1_5wells_c_1e-3
dv_10/eigs/eigsPA11step.jpg, id=45, 1204.5pt x 903.375pt>
File: /dev/media/Sphinx/Doctorado_Delft/Results/16_08/22/size_35perm_1_5wells_c
_1e-3dv_10/eigs/eigsPA11step.jpg Graphic file (type jpg)

<use /dev/media/Sphinx/Doctorado_Delft/Results/16_08/22/size_35perm_1_5wells_c_
1e-3dv_10/eigs/eigsPA11step.jpg>
Package pdftex.def Info: /dev/media/Sphinx/Doctorado_Delft/Results/16_08/22/siz
e_35perm_1_5wells_c_1e-3dv_10/eigs/eigsPA11step.jpg used on input line 365.
(pdftex.def)             Requested size: 184.93117pt x 138.69838pt.

Overfull \hbox (0.6455pt too wide) in paragraph at lines 365--366
 [][] 
 []


LaTeX Warning: `!h' float specifier changed to `!ht'.


</dev/media/Sphinx/Doctorado_Delft/Results/16_08/22/size_35perm_1_5wells_c_1e-3
dv_10pod12345/eig_pod.jpg, id=46, 1204.5pt x 903.375pt>
File: /dev/media/Sphinx/Doctorado_Delft/Results/16_08/22/size_35perm_1_5wells_c
_1e-3dv_10pod12345/eig_pod.jpg Graphic file (type jpg)

<use /dev/media/Sphinx/Doctorado_Delft/Results/16_08/22/size_35perm_1_5wells_c_
1e-3dv_10pod12345/eig_pod.jpg>
Package pdftex.def Info: /dev/media/Sphinx/Doctorado_Delft/Results/16_08/22/siz
e_35perm_1_5wells_c_1e-3dv_10pod12345/eig_pod.jpg used on input line 377.
(pdftex.def)             Requested size: 184.93117pt x 138.69838pt.

Overfull \hbox (0.6455pt too wide) in paragraph at lines 377--378
 [][] 
 []


LaTeX Warning: `!h' float specifier changed to `!ht'.


</dev/media/Sphinx/Doctorado_Delft/Results/16_08/22/size_35perm_1_5wells_c_1e-3
dv_10pod12345/iterations_4NR.jpg, id=47, 1204.5pt x 903.375pt>
File: /dev/media/Sphinx/Doctorado_Delft/Results/16_08/22/size_35perm_1_5wells_c
_1e-3dv_10pod12345/iterations_4NR.jpg Graphic file (type jpg)

<use /dev/media/Sphinx/Doctorado_Delft/Results/16_08/22/size_35perm_1_5wells_c_
1e-3dv_10pod12345/iterations_4NR.jpg>
Package pdftex.def Info: /dev/media/Sphinx/Doctorado_Delft/Results/16_08/22/siz
e_35perm_1_5wells_c_1e-3dv_10pod12345/iterations_4NR.jpg used on input line 389
.
(pdftex.def)             Requested size: 184.93117pt x 138.69838pt.

Overfull \hbox (0.6455pt too wide) in paragraph at lines 389--390
 [][] 
 []


</dev/media/Sphinx/Doctorado_Delft/Results/16_08/22/size_35perm_1_5wells_c_1e-3
dv_10pod12345/eigs/eigsPA11step.jpg, id=48, 1204.5pt x 903.375pt>
File: /dev/media/Sphinx/Doctorado_Delft/Results/16_08/22/size_35perm_1_5wells_c
_1e-3dv_10pod12345/eigs/eigsPA11step.jpg Graphic file (type jpg)

<use /dev/media/Sphinx/Doctorado_Delft/Results/16_08/22/size_35perm_1_5wells_c_
1e-3dv_10pod12345/eigs/eigsPA11step.jpg>
Package pdftex.def Info: /dev/media/Sphinx/Doctorado_Delft/Results/16_08/22/siz
e_35perm_1_5wells_c_1e-3dv_10pod12345/eigs/eigsPA11step.jpg used on input line 
397.
(pdftex.def)             Requested size: 184.93117pt x 138.69838pt.

Overfull \hbox (0.6455pt too wide) in paragraph at lines 397--398
 [][] 
 []


LaTeX Warning: `!h' float specifier changed to `!ht'.


</dev/media/Sphinx/Doctorado_Delft/Results/16_08/22/size_35perm_1_5wells_c_1e-3
dv_10pod678910/iterations_4NR.jpg, id=49, 1204.5pt x 903.375pt>
File: /dev/media/Sphinx/Doctorado_Delft/Results/16_08/22/size_35perm_1_5wells_c
_1e-3dv_10pod678910/iterations_4NR.jpg Graphic file (type jpg)

<use /dev/media/Sphinx/Doctorado_Delft/Results/16_08/22/size_35perm_1_5wells_c_
1e-3dv_10pod678910/iterations_4NR.jpg>
Package pdftex.def Info: /dev/media/Sphinx/Doctorado_Delft/Results/16_08/22/siz
e_35perm_1_5wells_c_1e-3dv_10pod678910/iterations_4NR.jpg used on input line 40
7.
(pdftex.def)             Requested size: 184.93117pt x 138.69838pt.

Overfull \hbox (0.6455pt too wide) in paragraph at lines 407--408
 [][] 
 []


</dev/media/Sphinx/Doctorado_Delft/Results/16_08/22/size_35perm_1_5wells_c_1e-3
dv_10pod678910/eigs/eigsPA11step.jpg, id=50, 1204.5pt x 903.375pt>
File: /dev/media/Sphinx/Doctorado_Delft/Results/16_08/22/size_35perm_1_5wells_c
_1e-3dv_10pod678910/eigs/eigsPA11step.jpg Graphic file (type jpg)

<use /dev/media/Sphinx/Doctorado_Delft/Results/16_08/22/size_35perm_1_5wells_c_
1e-3dv_10pod678910/eigs/eigsPA11step.jpg>
Package pdftex.def Info: /dev/media/Sphinx/Doctorado_Delft/Results/16_08/22/siz
e_35perm_1_5wells_c_1e-3dv_10pod678910/eigs/eigsPA11step.jpg used on input line
 415.
(pdftex.def)             Requested size: 184.93117pt x 138.69838pt.

Overfull \hbox (0.6455pt too wide) in paragraph at lines 415--416
 [][] 
 []


LaTeX Warning: `!h' float specifier changed to `!ht'.


Underfull \hbox (badness 10000) in paragraph at lines 420--421

 []

[8 <./solutionIC.jpg> </dev/media/Sphinx/Doctorado_Delft/Results/16_08/22/size_
35perm_1_5wells_c_1e-3/eigs/eigs1stepA.jpg>] [9 </dev/media/Sphinx/Doctorado_De
lft/Results/16_08/22/size_35perm_1_5wells_c_1e-3/iterations_4NR.jpg> </dev/medi
a/Sphinx/Doctorado_Delft/Results/16_08/22/size_35perm_1_5wells_c_1e-3/eigs/eigs
1step.jpg> </dev/media/Sphinx/Doctorado_Delft/Results/16_08/22/size_35perm_1_5w
ells_c_1e-3dv_10/iterations_4NR.jpg> </dev/media/Sphinx/Doctorado_Delft/Results
/16_08/22/size_35perm_1_5wells_c_1e-3dv_10/eigs/eigsPA11step.jpg> </dev/media/S
phinx/Doctorado_Delft/Results/16_08/22/size_35perm_1_5wells_c_1e-3dv_10pod12345
/eig_pod.jpg>] [10 </dev/media/Sphinx/Doctorado_Delft/Results/16_08/22/size_35p
erm_1_5wells_c_1e-3dv_10pod12345/iterations_4NR.jpg> </dev/media/Sphinx/Doctora
do_Delft/Results/16_08/22/size_35perm_1_5wells_c_1e-3dv_10pod12345/eigs/eigsPA1
1step.jpg> </dev/media/Sphinx/Doctorado_Delft/Results/16_08/22/size_35perm_1_5w
ells_c_1e-3dv_10pod678910/iterations_4NR.jpg> </dev/media/Sphinx/Doctorado_Delf
t/Results/16_08/22/size_35perm_1_5wells_c_1e-3dv_10pod678910/eigs/eigsPA11step.
jpg>] <solutionvw_IC.jpg, id=63, 1204.5pt x 903.375pt>
File: solutionvw_IC.jpg Graphic file (type jpg)
 <use solutionvw_IC.jpg>
Package pdftex.def Info: solutionvw_IC.jpg used on input line 430.
(pdftex.def)             Requested size: 284.52788pt x 213.3959pt.

<iterations_4NRvw_IC.jpg, id=64, 1204.5pt x 903.375pt>
File: iterations_4NRvw_IC.jpg Graphic file (type jpg)

<use iterations_4NRvw_IC.jpg>
Package pdftex.def Info: iterations_4NRvw_IC.jpg used on input line 441.
(pdftex.def)             Requested size: 184.93117pt x 138.69838pt.

Overfull \hbox (0.6455pt too wide) in paragraph at lines 441--442
 [][] 
 []


LaTeX Warning: `!h' float specifier changed to `!ht'.

<iterations_4NRvw_D10.jpg, id=65, 1204.5pt x 903.375pt>
File: iterations_4NRvw_D10.jpg Graphic file (type jpg)

<use iterations_4NRvw_D10.jpg>
Package pdftex.def Info: iterations_4NRvw_D10.jpg used on input line 452.
(pdftex.def)             Requested size: 184.93117pt x 138.69838pt.

Overfull \hbox (0.6455pt too wide) in paragraph at lines 452--453
 [][] 
 []

<iterations_4NRvw_POD5.jpg, id=66, 1204.5pt x 903.375pt>
File: iterations_4NRvw_POD5.jpg Graphic file (type jpg)

<use iterations_4NRvw_POD5.jpg>
Package pdftex.def Info: iterations_4NRvw_POD5.jpg used on input line 460.
(pdftex.def)             Requested size: 184.93117pt x 138.69838pt.

Overfull \hbox (0.6455pt too wide) in paragraph at lines 460--461
 [][] 
 []


LaTeX Warning: `!h' float specifier changed to `!ht'.

[11 <./solutionvw_IC.jpg>] (./main.bbl) [12 <./iterations_4NRvw_IC.jpg> <./iter
ations_4NRvw_D10.jpg> <./iterations_4NRvw_POD5.jpg>] (./main.aux)

LaTeX Warning: There were undefined references.


LaTeX Warning: There were multiply-defined labels.

 ) 
Here is how much of TeX's memory you used:
 5093 strings out of 493342
 81021 string characters out of 6141540
 156597 words of memory out of 5000000
 8384 multiletter control sequences out of 15000+600000
 15435 words of font info for 60 fonts, out of 8000000 for 9000
 953 hyphenation exceptions out of 8191
 53i,13n,92p,694b,457s stack positions out of 5000i,500n,10000p,200000b,80000s
</usr/share/texlive/texmf-dist/fonts/type1/public/amsfonts/cm/cmbx10.pfb></us
r/share/texlive/texmf-dist/fonts/type1/public/amsfonts/cm/cmbx12.pfb></usr/shar
e/texlive/texmf-dist/fonts/type1/public/amsfonts/cm/cmbx8.pfb></usr/share/texli
ve/texmf-dist/fonts/type1/public/amsfonts/cm/cmbxti10.pfb></usr/share/texlive/t
exmf-dist/fonts/type1/public/amsfonts/cm/cmex10.pfb></usr/share/texlive/texmf-d
ist/fonts/type1/public/amsfonts/cm/cmmi12.pfb></usr/share/texlive/texmf-dist/fo
nts/type1/public/amsfonts/cm/cmmi6.pfb></usr/share/texlive/texmf-dist/fonts/typ
e1/public/amsfonts/cm/cmmi7.pfb></usr/share/texlive/texmf-dist/fonts/type1/publ
ic/amsfonts/cm/cmmi8.pfb></usr/share/texlive/texmf-dist/fonts/type1/public/amsf
onts/cm/cmr10.pfb></usr/share/texlive/texmf-dist/fonts/type1/public/amsfonts/cm
/cmr12.pfb></usr/share/texlive/texmf-dist/fonts/type1/public/amsfonts/cm/cmr6.p
fb></usr/share/texlive/texmf-dist/fonts/type1/public/amsfonts/cm/cmr7.pfb></usr
/share/texlive/texmf-dist/fonts/type1/public/amsfonts/cm/cmr8.pfb></usr/share/t
exlive/texmf-dist/fonts/type1/public/amsfonts/cm/cmsy10.pfb></usr/share/texlive
/texmf-dist/fonts/type1/public/amsfonts/cm/cmsy8.pfb></usr/share/texlive/texmf-
dist/fonts/type1/public/amsfonts/cm/cmti12.pfb></usr/share/texlive/texmf-dist/f
onts/type1/public/amsfonts/symbols/msbm10.pfb>
Output written on main.pdf (12 pages, 1433088 bytes).
PDF statistics:
 131 PDF objects out of 1000 (max. 8388607)
 82 compressed objects within 1 object stream
 0 named destinations out of 1000 (max. 500000)
 81 words of extra memory for PDF output out of 10000 (max. 10000000)

